<?xml version="1.0" encoding="UTF-8"?>
<testng-results ignored="0" total="1" passed="1" failed="0" skipped="0">
  <reporter-output>
  </reporter-output>
  <suite started-at="2024-03-09T21:29:49 AST" name="Default suite" finished-at="2024-03-09T21:30:00 AST" duration-ms="10860">
    <groups>
    </groups>
    <test started-at="2024-03-09T21:29:49 AST" name="Default test" finished-at="2024-03-09T21:30:00 AST" duration-ms="10860">
      <class name="javaBasics.basics">
        <test-method is-config="true" signature="dataTybe()[pri:0, instance:javaBasics.basics@31000e60]" started-at="2024-03-09T21:29:49 AST" name="dataTybe" finished-at="2024-03-09T21:29:51 AST" duration-ms="1915" status="PASS">
          <reporter-output>
          </reporter-output>
        </test-method> <!-- dataTybe -->
        <test-method signature="myTest()[pri:0, instance:javaBasics.basics@31000e60]" started-at="2024-03-09T21:29:51 AST" name="myTest" finished-at="2024-03-09T21:30:00 AST" duration-ms="8898" status="PASS">
          <reporter-output>
          </reporter-output>
        </test-method> <!-- myTest -->
      </class> <!-- javaBasics.basics -->
    </test> <!-- Default test -->
  </suite> <!-- Default suite -->
</testng-results>
